[
    {
        "start": "14",
        "end": "11",
        "all_bandwidth": {
            "0": 40
        },
        "start_time": 0,
        "end_time": 95363,
        "bandwidth": null,
        "flow_id": "725ce04b-1957-4987-aa34-0d07349a2553"
    },
    {
        "start": "14",
        "end": "6",
        "all_bandwidth": {
            "0": 98
        },
        "start_time": 0,
        "end_time": 101833,
        "bandwidth": null,
        "flow_id": "8009308b-a72f-45b8-8313-c07f8bd785cd"
    },
    {
        "start": "3",
        "end": "7",
        "all_bandwidth": {
            "0": 184
        },
        "start_time": 0,
        "end_time": 98034,
        "bandwidth": null,
        "flow_id": "3bcaf1ce-76be-4db3-9ada-5e620d6b7d2d"
    },
    {
        "start": "3",
        "end": "15",
        "all_bandwidth": {
            "0": 33
        },
        "start_time": 0,
        "end_time": 90432,
        "bandwidth": null,
        "flow_id": "16cc646c-f564-4275-bc66-a4dd4b9ed700"
    },
    {
        "start": "3",
        "end": "2",
        "all_bandwidth": {
            "0": 63
        },
        "start_time": 0,
        "end_time": 101144,
        "bandwidth": null,
        "flow_id": "f7c70f97-5786-4b64-9c05-d7906364c3d6"
    },
    {
        "start": "3",
        "end": "14",
        "all_bandwidth": {
            "0": 80
        },
        "start_time": 0,
        "end_time": 118817,
        "bandwidth": null,
        "flow_id": "26bd6624-7aab-496c-b844-545bad8fd32d"
    },
    {
        "start": "3",
        "end": "12",
        "all_bandwidth": {
            "0": 23
        },
        "start_time": 0,
        "end_time": 114876,
        "bandwidth": null,
        "flow_id": "8a843e35-905e-43e3-9a98-40f567a7823c"
    },
    {
        "start": "16",
        "end": "2",
        "all_bandwidth": {
            "0": 156
        },
        "start_time": 0,
        "end_time": 101525,
        "bandwidth": null,
        "flow_id": "b16675f2-1036-464e-ba1a-a1858b45378c"
    },
    {
        "start": "16",
        "end": "14",
        "all_bandwidth": {
            "0": 45
        },
        "start_time": 0,
        "end_time": 107406,
        "bandwidth": null,
        "flow_id": "649174d7-4339-4e5f-9bd5-1486dbccdeaf"
    },
    {
        "start": "8",
        "end": "4",
        "all_bandwidth": {
            "0": 219
        },
        "start_time": 0,
        "end_time": 114324,
        "bandwidth": null,
        "flow_id": "59c07b26-2ead-4488-a3ad-794560205faf"
    },
    {
        "start": "8",
        "end": "4",
        "all_bandwidth": {
            "0": 56
        },
        "start_time": 0,
        "end_time": 90147,
        "bandwidth": null,
        "flow_id": "383996aa-b1c9-4d6c-a1e5-188012171241"
    },
    {
        "start": "8",
        "end": "3",
        "all_bandwidth": {
            "0": 147
        },
        "start_time": 0,
        "end_time": 112472,
        "bandwidth": null,
        "flow_id": "0dff266e-901e-4b12-b6dc-dabfd8e573e2"
    },
    {
        "start": "8",
        "end": "3",
        "all_bandwidth": {
            "0": 10
        },
        "start_time": 0,
        "end_time": 114255,
        "bandwidth": null,
        "flow_id": "246c8fad-5085-47b8-a37a-d9206e2e9542"
    },
    {
        "start": "8",
        "end": "15",
        "all_bandwidth": {
            "0": 15
        },
        "start_time": 0,
        "end_time": 100583,
        "bandwidth": null,
        "flow_id": "75e3af33-6967-40b0-a342-75106926d6ad"
    },
    {
        "start": "8",
        "end": "2",
        "all_bandwidth": {
            "0": 271
        },
        "start_time": 0,
        "end_time": 92781,
        "bandwidth": null,
        "flow_id": "1b0367c8-f561-49b9-92b7-a6f79cab0639"
    },
    {
        "start": "8",
        "end": "11",
        "all_bandwidth": {
            "0": 112
        },
        "start_time": 0,
        "end_time": 92083,
        "bandwidth": null,
        "flow_id": "f9a617df-7aa8-430d-9058-d61500da9e77"
    },
    {
        "start": "8",
        "end": "14",
        "all_bandwidth": {
            "0": 156
        },
        "start_time": 0,
        "end_time": 106617,
        "bandwidth": null,
        "flow_id": "aeb3b59a-75b1-467d-9d6f-78131812bbdd"
    },
    {
        "start": "8",
        "end": "5",
        "all_bandwidth": {
            "0": 96
        },
        "start_time": 0,
        "end_time": 93543,
        "bandwidth": null,
        "flow_id": "9814c04d-fc14-43c5-a1d0-535828014ee4"
    },
    {
        "start": "8",
        "end": "6",
        "all_bandwidth": {
            "0": 74
        },
        "start_time": 0,
        "end_time": 93734,
        "bandwidth": null,
        "flow_id": "cb79867e-1a53-4006-a03f-2cd8c9005b6e"
    },
    {
        "start": "5",
        "end": "16",
        "all_bandwidth": {
            "0": 3
        },
        "start_time": 0,
        "end_time": 107414,
        "bandwidth": null,
        "flow_id": "7872bb5e-65cc-43ed-a846-8729406f4268"
    },
    {
        "start": "5",
        "end": "7",
        "all_bandwidth": {
            "0": 93
        },
        "start_time": 0,
        "end_time": 106635,
        "bandwidth": null,
        "flow_id": "b396c1cd-d0de-4acf-9109-c6f702c7334b"
    },
    {
        "start": "5",
        "end": "11",
        "all_bandwidth": {
            "0": 121
        },
        "start_time": 0,
        "end_time": 90941,
        "bandwidth": null,
        "flow_id": "3c7ac6ad-2851-4ff3-9a33-225cbbdc2d7a"
    },
    {
        "start": "5",
        "end": "11",
        "all_bandwidth": {
            "0": 12
        },
        "start_time": 0,
        "end_time": 97353,
        "bandwidth": null,
        "flow_id": "41d63a5b-80db-4b6b-a1b9-1a8a77f7b976"
    },
    {
        "start": "5",
        "end": "14",
        "all_bandwidth": {
            "0": 154
        },
        "start_time": 0,
        "end_time": 100920,
        "bandwidth": null,
        "flow_id": "40b209b1-db61-4ea8-9e9c-ecf31a604492"
    },
    {
        "start": "5",
        "end": "12",
        "all_bandwidth": {
            "0": 20
        },
        "start_time": 0,
        "end_time": 99004,
        "bandwidth": null,
        "flow_id": "21e75021-9a23-4b54-8533-339d9f5c240d"
    },
    {
        "start": "11",
        "end": "7",
        "all_bandwidth": {
            "0": 77
        },
        "start_time": 0,
        "end_time": 107322,
        "bandwidth": null,
        "flow_id": "8a29aed0-a462-4cf8-a7e2-55363f0aaa14"
    },
    {
        "start": "4",
        "end": "8",
        "all_bandwidth": {
            "0": 267
        },
        "start_time": 0,
        "end_time": 90874,
        "bandwidth": null,
        "flow_id": "fc65ab25-c0a5-4f51-96f6-7446bbdc96b2"
    },
    {
        "start": "4",
        "end": "8",
        "all_bandwidth": {
            "0": 276
        },
        "start_time": 0,
        "end_time": 112387,
        "bandwidth": null,
        "flow_id": "6b77e022-8f9c-408d-867d-a20b0850b9cc"
    },
    {
        "start": "4",
        "end": "9",
        "all_bandwidth": {
            "0": 387
        },
        "start_time": 0,
        "end_time": 101094,
        "bandwidth": null,
        "flow_id": "038bcbb0-a2b8-4f96-af79-38f50a7a246f"
    },
    {
        "start": "4",
        "end": "6",
        "all_bandwidth": {
            "0": 13
        },
        "start_time": 0,
        "end_time": 103528,
        "bandwidth": null,
        "flow_id": "a29c0be5-4e0e-4331-955f-da64ee47a826"
    },
    {
        "start": "13",
        "end": "3",
        "all_bandwidth": {
            "0": 181
        },
        "start_time": 0,
        "end_time": 95414,
        "bandwidth": null,
        "flow_id": "6fce7a47-bb00-4530-be43-4c09cb52e6b7"
    },
    {
        "start": "13",
        "end": "2",
        "all_bandwidth": {
            "0": 42
        },
        "start_time": 0,
        "end_time": 113603,
        "bandwidth": null,
        "flow_id": "bd11d6e3-6827-4bbc-9893-43b481a3effb"
    },
    {
        "start": "13",
        "end": "11",
        "all_bandwidth": {
            "0": 396
        },
        "start_time": 0,
        "end_time": 114757,
        "bandwidth": null,
        "flow_id": "6373ba61-915b-4de3-ab8d-a9f64366ae17"
    },
    {
        "start": "13",
        "end": "12",
        "all_bandwidth": {
            "0": 79
        },
        "start_time": 0,
        "end_time": 109031,
        "bandwidth": null,
        "flow_id": "4a13a81f-7535-4d49-a416-d9070ed5713f"
    },
    {
        "start": "13",
        "end": "12",
        "all_bandwidth": {
            "0": 61
        },
        "start_time": 0,
        "end_time": 118542,
        "bandwidth": null,
        "flow_id": "a5f7aa3d-1c5f-4891-9aee-beef6bdb9ceb"
    },
    {
        "start": "13",
        "end": "5",
        "all_bandwidth": {
            "0": 36
        },
        "start_time": 0,
        "end_time": 94751,
        "bandwidth": null,
        "flow_id": "a9192c79-b9fb-4037-ba85-c4d50771bc57"
    },
    {
        "start": "13",
        "end": "6",
        "all_bandwidth": {
            "0": 134
        },
        "start_time": 0,
        "end_time": 90690,
        "bandwidth": null,
        "flow_id": "c58d42b8-da20-43ff-a8b2-a282fc103093"
    },
    {
        "start": "2",
        "end": "10",
        "all_bandwidth": {
            "0": 34
        },
        "start_time": 0,
        "end_time": 101519,
        "bandwidth": null,
        "flow_id": "982af5ae-b056-4f39-8a0f-ae02cb15fec6"
    },
    {
        "start": "2",
        "end": "7",
        "all_bandwidth": {
            "0": 203
        },
        "start_time": 0,
        "end_time": 110715,
        "bandwidth": null,
        "flow_id": "9c4f3483-efee-4268-843c-4e2792915ca1"
    },
    {
        "start": "2",
        "end": "11",
        "all_bandwidth": {
            "0": 31
        },
        "start_time": 0,
        "end_time": 119820,
        "bandwidth": null,
        "flow_id": "e95398c4-9c8b-4e44-8037-f3ce780d067e"
    },
    {
        "start": "2",
        "end": "5",
        "all_bandwidth": {
            "0": 80
        },
        "start_time": 0,
        "end_time": 117342,
        "bandwidth": null,
        "flow_id": "eba870f4-c2bb-483c-8852-ce2515f54e88"
    },
    {
        "start": "2",
        "end": "5",
        "all_bandwidth": {
            "0": 91
        },
        "start_time": 0,
        "end_time": 97075,
        "bandwidth": null,
        "flow_id": "c84697ab-ae52-475f-8e79-d37d29f5d44a"
    },
    {
        "start": "2",
        "end": "6",
        "all_bandwidth": {
            "0": 31
        },
        "start_time": 0,
        "end_time": 101580,
        "bandwidth": null,
        "flow_id": "d38067a2-ed21-428c-b824-7bbc99fa2342"
    },
    {
        "start": "12",
        "end": "7",
        "all_bandwidth": {
            "0": 53
        },
        "start_time": 0,
        "end_time": 115851,
        "bandwidth": null,
        "flow_id": "c0899245-bac3-42d2-8522-900ad50d4ba7"
    },
    {
        "start": "12",
        "end": "13",
        "all_bandwidth": {
            "0": 232
        },
        "start_time": 0,
        "end_time": 103928,
        "bandwidth": null,
        "flow_id": "33db79d0-c051-4f69-8dd4-361c8d7cdf48"
    },
    {
        "start": "12",
        "end": "2",
        "all_bandwidth": {
            "0": 9
        },
        "start_time": 0,
        "end_time": 116141,
        "bandwidth": null,
        "flow_id": "c2d7f494-664d-48e2-9d56-01e14e5d30ee"
    },
    {
        "start": "9",
        "end": "4",
        "all_bandwidth": {
            "0": 121
        },
        "start_time": 0,
        "end_time": 105144,
        "bandwidth": null,
        "flow_id": "cf672d92-a45f-4055-87c2-d55256982deb"
    },
    {
        "start": "9",
        "end": "7",
        "all_bandwidth": {
            "0": 8
        },
        "start_time": 0,
        "end_time": 93331,
        "bandwidth": null,
        "flow_id": "2a72a5c8-265f-4dc3-a5e1-3ed46b368207"
    },
    {
        "start": "7",
        "end": "10",
        "all_bandwidth": {
            "0": 20
        },
        "start_time": 0,
        "end_time": 107579,
        "bandwidth": null,
        "flow_id": "3598a87e-29a1-4059-acde-a3170441adaa"
    },
    {
        "start": "7",
        "end": "3",
        "all_bandwidth": {
            "0": 133
        },
        "start_time": 0,
        "end_time": 97406,
        "bandwidth": null,
        "flow_id": "31a731d4-1408-45c6-a0ed-1741f15d28c2"
    },
    {
        "start": "7",
        "end": "12",
        "all_bandwidth": {
            "0": 311
        },
        "start_time": 0,
        "end_time": 101958,
        "bandwidth": null,
        "flow_id": "b5ac1b82-3fd0-431c-8543-3d05170743ad"
    },
    {
        "start": "1",
        "end": "8",
        "all_bandwidth": {
            "0": 79
        },
        "start_time": 0,
        "end_time": 106162,
        "bandwidth": null,
        "flow_id": "bfe63e07-4033-48b2-8010-2a6deb0b7f97"
    },
    {
        "start": "1",
        "end": "13",
        "all_bandwidth": {
            "0": 19
        },
        "start_time": 0,
        "end_time": 106098,
        "bandwidth": null,
        "flow_id": "2d00de0d-ad59-417f-89bf-4a9dbda0ff7d"
    },
    {
        "start": "1",
        "end": "6",
        "all_bandwidth": {
            "0": 39
        },
        "start_time": 0,
        "end_time": 105194,
        "bandwidth": null,
        "flow_id": "ff55c27e-e698-4904-8693-94c522b7b6a9"
    },
    {
        "start": "10",
        "end": "4",
        "all_bandwidth": {
            "0": 93
        },
        "start_time": 0,
        "end_time": 111199,
        "bandwidth": null,
        "flow_id": "d1e6e30b-968c-4b05-b47c-8b86f425e949"
    },
    {
        "start": "10",
        "end": "1",
        "all_bandwidth": {
            "0": 128
        },
        "start_time": 0,
        "end_time": 109846,
        "bandwidth": null,
        "flow_id": "b95d2aa1-44bc-4a30-9d48-cc40b758a9dd"
    },
    {
        "start": "10",
        "end": "13",
        "all_bandwidth": {
            "0": 73
        },
        "start_time": 0,
        "end_time": 118409,
        "bandwidth": null,
        "flow_id": "7f86ad58-1833-4c8d-bf5a-487951b38007"
    },
    {
        "start": "10",
        "end": "3",
        "all_bandwidth": {
            "0": 70
        },
        "start_time": 0,
        "end_time": 96258,
        "bandwidth": null,
        "flow_id": "509a64b9-a9b5-413c-b8cc-0f6e67ec6f66"
    },
    {
        "start": "5",
        "end": "7",
        "all_bandwidth": {
            "30000": 82
        },
        "start_time": 30000,
        "end_time": 235804,
        "bandwidth": null,
        "flow_id": "7feb6441-bd5c-4257-86b1-daba1341e5f8"
    },
    {
        "start": "5",
        "end": "1",
        "all_bandwidth": {
            "60000": 130
        },
        "start_time": 60000,
        "end_time": 220094,
        "bandwidth": null,
        "flow_id": "13ab20d6-55e1-42fe-ad15-6257caf391d2"
    },
    {
        "start": "5",
        "end": "3",
        "all_bandwidth": {
            "0": 285
        },
        "start_time": 0,
        "end_time": 211447,
        "bandwidth": null,
        "flow_id": "42040ca1-ee36-4339-8987-22bcfebc30c0"
    },
    {
        "start": "12",
        "end": "4",
        "all_bandwidth": {
            "0": 279
        },
        "start_time": 0,
        "end_time": 236344,
        "bandwidth": null,
        "flow_id": "a61d2bae-7cad-4eea-9cc2-739a186fb3da"
    },
    {
        "start": "15",
        "end": "5",
        "all_bandwidth": {
            "30000": 128
        },
        "start_time": 30000,
        "end_time": 256483,
        "bandwidth": null,
        "flow_id": "8c5ac935-9aba-4b45-8b0d-2cc11096800a"
    },
    {
        "start": "16",
        "end": "10",
        "all_bandwidth": {
            "0": 52
        },
        "start_time": 0,
        "end_time": 244431,
        "bandwidth": null,
        "flow_id": "f6edeabb-1f6a-410e-86a2-051d7933259c"
    },
    {
        "start": "16",
        "end": "9",
        "all_bandwidth": {
            "0": 49
        },
        "start_time": 0,
        "end_time": 281425,
        "bandwidth": null,
        "flow_id": "f88a3ee7-8f77-4053-991f-645256aec41e"
    },
    {
        "start": "16",
        "end": "4",
        "all_bandwidth": {
            "30000": 82
        },
        "start_time": 30000,
        "end_time": 297696,
        "bandwidth": null,
        "flow_id": "e2354f3a-0d1d-420c-ae35-17a6a67cdabc"
    },
    {
        "start": "16",
        "end": "7",
        "all_bandwidth": {
            "30000": 41
        },
        "start_time": 30000,
        "end_time": 278049,
        "bandwidth": null,
        "flow_id": "a41d9595-4943-4aaa-8e3e-eca78c93f8d1"
    },
    {
        "start": "2",
        "end": "7",
        "all_bandwidth": {
            "300000": 81
        },
        "start_time": 300000,
        "end_time": 456272,
        "bandwidth": null,
        "flow_id": "d1ad20d9-11b7-4fc6-8683-d9d34d761eb9"
    },
    {
        "start": "2",
        "end": "1",
        "all_bandwidth": {
            "300000": 75
        },
        "start_time": 300000,
        "end_time": 461150,
        "bandwidth": null,
        "flow_id": "19fb613c-f3d7-43f8-bdbe-1db14a27334d"
    },
    {
        "start": "2",
        "end": "3",
        "all_bandwidth": {
            "90000": 52
        },
        "start_time": 90000,
        "end_time": 452244,
        "bandwidth": null,
        "flow_id": "67bbf214-a1cf-4cf7-921a-67658dc80a55"
    },
    {
        "start": "2",
        "end": "15",
        "all_bandwidth": {
            "90000": 45
        },
        "start_time": 90000,
        "end_time": 453080,
        "bandwidth": null,
        "flow_id": "0809e69d-4326-4cd2-8da4-a944e3c84abd"
    },
    {
        "start": "2",
        "end": "12",
        "all_bandwidth": {
            "330000": 126
        },
        "start_time": 330000,
        "end_time": 470756,
        "bandwidth": null,
        "flow_id": "af84a785-d321-44ef-aa84-4ad8f9373c93"
    },
    {
        "start": "2",
        "end": "5",
        "all_bandwidth": {
            "180000": 92
        },
        "start_time": 180000,
        "end_time": 463897,
        "bandwidth": null,
        "flow_id": "429ef1a9-d36e-4f26-9a40-12b075b4b04e"
    },
    {
        "start": "12",
        "end": "16",
        "all_bandwidth": {
            "210000": 112
        },
        "start_time": 210000,
        "end_time": 450360,
        "bandwidth": null,
        "flow_id": "579826c9-35ef-4151-9e12-c300f1e98c0e"
    },
    {
        "start": "12",
        "end": "13",
        "all_bandwidth": {
            "150000": 60
        },
        "start_time": 150000,
        "end_time": 477210,
        "bandwidth": null,
        "flow_id": "766486b1-b1a6-45ed-9e06-9d6857c43af0"
    },
    {
        "start": "12",
        "end": "13",
        "all_bandwidth": {
            "300000": 92
        },
        "start_time": 300000,
        "end_time": 472528,
        "bandwidth": null,
        "flow_id": "7ea555a5-17e5-4f4b-b34d-2f46d57a4ea7"
    },
    {
        "start": "12",
        "end": "3",
        "all_bandwidth": {
            "150000": 70
        },
        "start_time": 150000,
        "end_time": 458531,
        "bandwidth": null,
        "flow_id": "34d66a4e-d5ea-4186-a174-2f7b2ca6530c"
    },
    {
        "start": "12",
        "end": "6",
        "all_bandwidth": {
            "90000": 13
        },
        "start_time": 90000,
        "end_time": 467656,
        "bandwidth": null,
        "flow_id": "3e446e34-8ad0-4972-bbda-22a6441e6b9a"
    },
    {
        "start": "9",
        "end": "12",
        "all_bandwidth": {
            "60000": 96
        },
        "start_time": 60000,
        "end_time": 459192,
        "bandwidth": null,
        "flow_id": "e4c1494a-d783-4010-acc8-6060846fd4dd"
    },
    {
        "start": "9",
        "end": "12",
        "all_bandwidth": {
            "180000": 229
        },
        "start_time": 180000,
        "end_time": 460264,
        "bandwidth": null,
        "flow_id": "82b620c5-50f3-4564-af96-a55ad9b80704"
    },
    {
        "start": "9",
        "end": "5",
        "all_bandwidth": {
            "60000": 59
        },
        "start_time": 60000,
        "end_time": 450009,
        "bandwidth": null,
        "flow_id": "6d612e6a-1d5e-4825-bb06-10480db301df"
    },
    {
        "start": "9",
        "end": "5",
        "all_bandwidth": {
            "150000": 226
        },
        "start_time": 150000,
        "end_time": 479076,
        "bandwidth": null,
        "flow_id": "3debb447-b19c-4e13-9335-1b6c950dab1d"
    },
    {
        "start": "9",
        "end": "5",
        "all_bandwidth": {
            "270000": 124
        },
        "start_time": 270000,
        "end_time": 471054,
        "bandwidth": null,
        "flow_id": "f5a4a0c9-886d-4a97-82cf-0b69f583799a"
    },
    {
        "start": "14",
        "end": "11",
        "all_bandwidth": {
            "95363": 40
        },
        "start_time": 95363,
        "end_time": 140000,
        "bandwidth": null,
        "flow_id": "725ce04b-1957-4987-aa34-0d07349a2554"
    },
    {
        "start": "14",
        "end": "6",
        "all_bandwidth": {
            "101833": 98
        },
        "start_time": 101833,
        "end_time": 203000,
        "bandwidth": null,
        "flow_id": "8009308b-a72f-45b8-8313-c07f8bd785ca"
    },
    {
        "start": "3",
        "end": "7",
        "all_bandwidth": {
            "98034": 184
        },
        "start_time": 98034,
        "end_time": 184288,
        "bandwidth": null,
        "flow_id": "3bcaf1ce-76be-4db3-9ada-5e620d6b7d28"
    },
    {
        "start": "3",
        "end": "15",
        "all_bandwidth": {
            "90432": 33
        },
        "start_time": 90432,
        "end_time": 159700,
        "bandwidth": null,
        "flow_id": "16cc646c-f564-4275-bc66-a4dd4b9ed703"
    },
    {
        "start": "3",
        "end": "2",
        "all_bandwidth": {
            "101144": 63
        },
        "start_time": 101144,
        "end_time": 236900,
        "bandwidth": null,
        "flow_id": "f7c70f97-5786-4b64-9c05-d7906364c3dd"
    },
    {
        "start": "3",
        "end": "14",
        "all_bandwidth": {
            "118817": 80
        },
        "start_time": 118817,
        "end_time": 248000,
        "bandwidth": null,
        "flow_id": "26bd6624-7aab-496c-b844-545bad8fd326"
    },
    {
        "start": "3",
        "end": "12",
        "all_bandwidth": {
            "114876": 23
        },
        "start_time": 114876,
        "end_time": 199006,
        "bandwidth": null,
        "flow_id": "8a843e35-905e-43e3-9a98-40f567a7823d"
    },
    {
        "start": "16",
        "end": "2",
        "all_bandwidth": {
            "101525": 156
        },
        "start_time": 101525,
        "end_time": 265904,
        "bandwidth": null,
        "flow_id": "b16675f2-1036-464e-ba1a-a1858b453785"
    },
    {
        "start": "16",
        "end": "14",
        "all_bandwidth": {
            "107406": 45
        },
        "start_time": 107406,
        "end_time": 288906,
        "bandwidth": null,
        "flow_id": "649174d7-4339-4e5f-9bd5-1486dbccdeaa"
    },
    {
        "start": "8",
        "end": "4",
        "all_bandwidth": {
            "114324": 219
        },
        "start_time": 114324,
        "end_time": 219800,
        "bandwidth": null,
        "flow_id": "59c07b26-2ead-4488-a3ad-794560205fad"
    },
    {
        "start": "8",
        "end": "4",
        "all_bandwidth": {
            "90147": 56
        },
        "start_time": 90147,
        "end_time": 168347,
        "bandwidth": null,
        "flow_id": "383996aa-b1c9-4d6c-a1e5-188012171248"
    },
    {
        "start": "8",
        "end": "3",
        "all_bandwidth": {
            "112472": 147
        },
        "start_time": 112472,
        "end_time": 245670,
        "bandwidth": null,
        "flow_id": "0dff266e-901e-4b12-b6dc-dabfd8e573ed"
    },
    {
        "start": "8",
        "end": "3",
        "all_bandwidth": {
            "114255": 10
        },
        "start_time": 114255,
        "end_time": 166000,
        "bandwidth": null,
        "flow_id": "246c8fad-5085-47b8-a37a-d9206e2e9540"
    },
    {
        "start": "8",
        "end": "15",
        "all_bandwidth": {
            "100583": 15
        },
        "start_time": 100583,
        "end_time": 239043,
        "bandwidth": null,
        "flow_id": "75e3af33-6967-40b0-a342-75106926d6a6"
    },
    {
        "start": "8",
        "end": "2",
        "all_bandwidth": {
            "92781": 271
        },
        "start_time": 92781,
        "end_time": 216459,
        "bandwidth": null,
        "flow_id": "1b0367c8-f561-49b9-92b7-a6f79cab0636"
    },
    {
        "start": "8",
        "end": "11",
        "all_bandwidth": {
            "92083": 112
        },
        "start_time": 92083,
        "end_time": 244780,
        "bandwidth": null,
        "flow_id": "f9a617df-7aa8-430d-9058-d61500da9e70"
    },
    {
        "start": "8",
        "end": "14",
        "all_bandwidth": {
            "106617": 156
        },
        "start_time": 106617,
        "end_time": 222670,
        "bandwidth": null,
        "flow_id": "aeb3b59a-75b1-467d-9d6f-78131812bbda"
    },
    {
        "start": "8",
        "end": "5",
        "all_bandwidth": {
            "93543": 96
        },
        "start_time": 93543,
        "end_time": 238777,
        "bandwidth": null,
        "flow_id": "9814c04d-fc14-43c5-a1d0-535828014eea"
    },
    {
        "start": "8",
        "end": "6",
        "all_bandwidth": {
            "93734": 74
        },
        "start_time": 93734,
        "end_time": 299000,
        "bandwidth": null,
        "flow_id": "cb79867e-1a53-4006-a03f-2c88c9005b6e"
    },
    {
        "start": "5",
        "end": "16",
        "all_bandwidth": {
            "107414": 3
        },
        "start_time": 107414,
        "end_time": 256777,
        "bandwidth": null,
        "flow_id": "7872bb5e-65cc-43ed-a846-87294d6f4268"
    },
    {
        "start": "5",
        "end": "7",
        "all_bandwidth": {
            "106635": 93
        },
        "start_time": 106635,
        "end_time": 228056,
        "bandwidth": null,
        "flow_id": "b396c1cd-d0de-4acf-9109-c6f703c7334b"
    },
    {
        "start": "5",
        "end": "11",
        "all_bandwidth": {
            "90941": 121
        },
        "start_time": 90941,
        "end_time": 129766,
        "bandwidth": null,
        "flow_id": "3c7ac6ad-2851-4ff3-9a33-225c2bdc2d7a"
    },
    {
        "start": "5",
        "end": "11",
        "all_bandwidth": {
            "97353": 12
        },
        "start_time": 97353,
        "end_time": 301000,
        "bandwidth": null,
        "flow_id": "41d63a5b-80db-4b6b-a1b9-1a8a77f7b776"
    },
    {
        "start": "5",
        "end": "14",
        "all_bandwidth": {
            "100920": 154
        },
        "start_time": 100920,
        "end_time": 244399,
        "bandwidth": null,
        "flow_id": "40b209b1-da61-4ea8-9e9c-ecf31a604492"
    },
    {
        "start": "5",
        "end": "12",
        "all_bandwidth": {
            "99004": 20
        },
        "start_time": 99004,
        "end_time": 208666,
        "bandwidth": null,
        "flow_id": "21e75021-9a23-6b54-8533-339d9f5c240d"
    },
    {
        "start": "11",
        "end": "7",
        "all_bandwidth": {
            "107322": 77
        },
        "start_time": 107322,
        "end_time": 300877,
        "bandwidth": null,
        "flow_id": "8a29aed0-a462-4cc8-a7e2-55363f0aaa14"
    },
    {
        "start": "4",
        "end": "8",
        "all_bandwidth": {
            "90874": 267
        },
        "start_time": 90874,
        "end_time": 187099,
        "bandwidth": null,
        "flow_id": "fc65ab25-c0a5-4b51-96f6-7446bbdc96b2"
    },
    {
        "start": "4",
        "end": "8",
        "all_bandwidth": {
            "112387": 276
        },
        "start_time": 112387,
        "end_time": 244098,
        "bandwidth": null,
        "flow_id": "6b77e022-8f9c-408d-867d-a20b7850b9cc"
    },
    {
        "start": "4",
        "end": "9",
        "all_bandwidth": {
            "101094": 387
        },
        "start_time": 101094,
        "end_time": 306011,
        "bandwidth": null,
        "flow_id": "038bcbb0-a2b8-4f96-ad79-38f53a7a246f"
    },
    {
        "start": "4",
        "end": "6",
        "all_bandwidth": {
            "103528": 13
        },
        "start_time": 103528,
        "end_time": 208777,
        "bandwidth": null,
        "flow_id": "a29c0be5-4e4e-4331-955f-da64ee47a826"
    },
    {
        "start": "13",
        "end": "3",
        "all_bandwidth": {
            "95414": 181
        },
        "start_time": 95414,
        "end_time": 238000,
        "bandwidth": null,
        "flow_id": "6fce7a47-bb10-4530-be43-4c09cb52e6b7"
    },
    {
        "start": "13",
        "end": "2",
        "all_bandwidth": {
            "113603": 42
        },
        "start_time": 113603,
        "end_time": 299056,
        "bandwidth": null,
        "flow_id": "bd11d6e3-6897-4bbc-9893-43b481a3effb"
    },
    {
        "start": "13",
        "end": "11",
        "all_bandwidth": {
            "114757": 396
        },
        "start_time": 114757,
        "end_time": 201000,
        "bandwidth": null,
        "flow_id": "6373ba61-9e5b-4de3-ab8d-a9f64366ae17"
    },
    {
        "start": "13",
        "end": "12",
        "all_bandwidth": {
            "109031": 79
        },
        "start_time": 109031,
        "end_time": 234873,
        "bandwidth": null,
        "flow_id": "4a13a81f-7535-4d4e-a416-d9070ed5713f"
    },
    {
        "start": "13",
        "end": "12",
        "all_bandwidth": {
            "118542": 61
        },
        "start_time": 118542,
        "end_time": 144000,
        "bandwidth": null,
        "flow_id": "a5f7aa3d-1c5f-489a-9aee-beef6bdb9ceb"
    },
    {
        "start": "13",
        "end": "5",
        "all_bandwidth": {
            "94751": 36
        },
        "start_time": 94751,
        "end_time": 188025,
        "bandwidth": null,
        "flow_id": "a9192c79-b9fb-4d37-ba85-c4d50771bc57"
    },
    {
        "start": "13",
        "end": "6",
        "all_bandwidth": {
            "90690": 134
        },
        "start_time": 90690,
        "end_time": 297054,
        "bandwidth": null,
        "flow_id": "c58a42b8-da20-43ff-a8b2-a282fc103093"
    },
    {
        "start": "2",
        "end": "10",
        "all_bandwidth": {
            "101519": 34
        },
        "start_time": 101519,
        "end_time": 308018,
        "bandwidth": null,
        "flow_id": "982af5ae-b036-4f39-8a0f-ae02cb15fec6"
    },
    {
        "start": "2",
        "end": "7",
        "all_bandwidth": {
            "110715": 203
        },
        "start_time": 110715,
        "end_time": 258000,
        "bandwidth": null,
        "flow_id": "9c4f3483-efee-4298-843c-4e2792915ca1"
    },
    {
        "start": "2",
        "end": "11",
        "all_bandwidth": {
            "119820": 31
        },
        "start_time": 119820,
        "end_time": 207484,
        "bandwidth": null,
        "flow_id": "e95398c4-9c8b-4d44-8037-f3ce780d067e"
    },
    {
        "start": "2",
        "end": "5",
        "all_bandwidth": {
            "117342": 80
        },
        "start_time": 117342,
        "end_time": 156200,
        "bandwidth": null,
        "flow_id": "eba870f4-c2ba-481c-8852-ce2515f54e88"
    },
    {
        "start": "2",
        "end": "5",
        "all_bandwidth": {
            "97075": 91
        },
        "start_time": 97075,
        "end_time": 279033,
        "bandwidth": null,
        "flow_id": "c84697ab-ae82-475f-8e79-d37d29f5d44a"
    },
    {
        "start": "2",
        "end": "6",
        "all_bandwidth": {
            "101580": 31
        },
        "start_time": 101580,
        "end_time": 268045,
        "bandwidth": null,
        "flow_id": "d38067a2-ed21-438c-b824-7bbc99fa2342"
    },
    {
        "start": "12",
        "end": "7",
        "all_bandwidth": {
            "115851": 53
        },
        "start_time": 115851,
        "end_time": 153534,
        "bandwidth": null,
        "flow_id": "c0899245-b1c3-42d2-8522-900ad50d4ba7"
    },
    {
        "start": "12",
        "end": "13",
        "all_bandwidth": {
            "103928": 232
        },
        "start_time": 103928,
        "end_time": 300000,
        "bandwidth": null,
        "flow_id": "33db79d0-cf51-4f69-8dd4-361c8d7cdf48"
    },
    {
        "start": "12",
        "end": "2",
        "all_bandwidth": {
            "116141": 9
        },
        "start_time": 116141,
        "end_time": 198400,
        "bandwidth": null,
        "flow_id": "c2d7f494-634d-48e2-9d56-01e14e5d30ee"
    },
    {
        "start": "9",
        "end": "4",
        "all_bandwidth": {
            "105144": 121
        },
        "start_time": 105144,
        "end_time": 133028,
        "bandwidth": null,
        "flow_id": "cf672d92-ad5f-4055-87c2-d55256982deb"
    },
    {
        "start": "9",
        "end": "7",
        "all_bandwidth": {
            "93331": 8
        },
        "start_time": 93331,
        "end_time": 99023,
        "bandwidth": null,
        "flow_id": "2a72a5c8-204f-4dc3-a5e1-3ed46b368207"
    },
    {
        "start": "7",
        "end": "10",
        "all_bandwidth": {
            "107579": 20
        },
        "start_time": 107579,
        "end_time": 159066,
        "bandwidth": null,
        "flow_id": "3598ae7e-29a1-4059-acde-a3170441adaa"
    },
    {
        "start": "7",
        "end": "3",
        "all_bandwidth": {
            "97406": 133
        },
        "start_time": 97406,
        "end_time": 208843,
        "bandwidth": null,
        "flow_id": "31a731d4-1438-45c6-a0ed-1741f15d28c2"
    },
    {
        "start": "7",
        "end": "12",
        "all_bandwidth": {
            "101958": 311
        },
        "start_time": 101958,
        "end_time": 308770,
        "bandwidth": null,
        "flow_id": "b5ac1b82-3f90-43ac-8543-3d05170743ad"
    },
    {
        "start": "1",
        "end": "8",
        "all_bandwidth": {
            "106162": 79
        },
        "start_time": 106162,
        "end_time": 298033,
        "bandwidth": null,
        "flow_id": "bfe63e07-40d3-48b2-8010-2a6deb0b7f97"
    },
    {
        "start": "1",
        "end": "13",
        "all_bandwidth": {
            "106098": 19
        },
        "start_time": 106098,
        "end_time": 264109,
        "bandwidth": null,
        "flow_id": "2d00de0d-ad5e-417f-89bf-4a9dbda0ff7d"
    },
    {
        "start": "1",
        "end": "6",
        "all_bandwidth": {
            "105194": 39
        },
        "start_time": 105194,
        "end_time": 205194,
        "bandwidth": null,
        "flow_id": "ff55c27e-e698-49b4-8693-94c522b7b6a9"
    },
    {
        "start": "10",
        "end": "4",
        "all_bandwidth": {
            "111199": 93
        },
        "start_time": 111199,
        "end_time": 284000,
        "bandwidth": null,
        "flow_id": "d1e6e30b-9bbc-4b05-b47c-8b86f425e949"
    },
    {
        "start": "10",
        "end": "1",
        "all_bandwidth": {
            "109846": 128
        },
        "start_time": 109846,
        "end_time": 177099,
        "bandwidth": null,
        "flow_id": "b95d2aa1-44bc-4ad0-9d48-cc40b758a9dd"
    },
    {
        "start": "10",
        "end": "13",
        "all_bandwidth": {
            "118409": 73
        },
        "start_time": 118409,
        "end_time": 274022,
        "bandwidth": null,
        "flow_id": "7f86ad58-1833-4c88-bf5a-487951b38007"
    },
    {
        "start": "10",
        "end": "3",
        "all_bandwidth": {
            "96258": 70
        },
        "start_time": 96258,
        "end_time": 166098,
        "bandwidth": null,
        "flow_id": "509a64b9-a925-413c-b8cc-0f6e67ec6f66"
    },
    {
        "start": "5",
        "end": "7",
        "all_bandwidth": {
            "235804": 82
        },
        "start_time": 235804,
        "end_time": 307000,
        "bandwidth": null,
        "flow_id": "7feb6441-bd0c-4257-86b1-daba1341e5f8"
    },
    {
        "start": "5",
        "end": "1",
        "all_bandwidth": {
            "220094": 130
        },
        "start_time": 220094,
        "end_time": 360511,
        "bandwidth": null,
        "flow_id": "13ab20d6-55e7-42fe-ad15-6257caf391d2"
    },
    {
        "start": "5",
        "end": "3",
        "all_bandwidth": {
            "211447": 285
        },
        "start_time": 211447,
        "end_time": 298044,
        "bandwidth": null,
        "flow_id": "42040ca1-ee36-4b39-8987-22bcfebc30c0"
    },
    {
        "start": "12",
        "end": "4",
        "all_bandwidth": {
            "236344": 279
        },
        "start_time": 236344,
        "end_time": 330866,
        "bandwidth": null,
        "flow_id": "a61d2bae-7cad-4e0a-9cc2-739a186fb3da"
    },
    {
        "start": "15",
        "end": "5",
        "all_bandwidth": {
            "256483": 128
        },
        "start_time": 256483,
        "end_time": 350442,
        "bandwidth": null,
        "flow_id": "8c5ac535-9aba-4b45-8b0d-2cc11096800a"
    },
    {
        "start": "16",
        "end": "10",
        "all_bandwidth": {
            "244431": 52
        },
        "start_time": 244431,
        "end_time": 290645,
        "bandwidth": null,
        "flow_id": "f6ed0abb-1f6a-410e-86a2-051d7933259c"
    },
    {
        "start": "16",
        "end": "9",
        "all_bandwidth": {
            "281425": 49
        },
        "start_time": 281425,
        "end_time": 349000,
        "bandwidth": null,
        "flow_id": "f88a3e17-8f77-4053-991f-645256aec41e"
    },
    {
        "start": "16",
        "end": "4",
        "all_bandwidth": {
            "297696": 82
        },
        "start_time": 297696,
        "end_time": 348033,
        "bandwidth": null,
        "flow_id": "e2354f3a-0d1d-4d0c-ae35-17a6a67cdabc"
    },
    {
        "start": "16",
        "end": "7",
        "all_bandwidth": {
            "278049": 41
        },
        "start_time": 278049,
        "end_time": 340828,
        "bandwidth": null,
        "flow_id": "a41d9595-4943-4a7a-8e3e-eca78c93f8d1"
    },
    {
        "start": "2",
        "end": "7",
        "all_bandwidth": {
            "456272": 81
        },
        "start_time": 456272,
        "end_time": 477033,
        "bandwidth": null,
        "flow_id": "d1ad20d9-11b7-4fc6-8683-d9d34d764eb9"
    },
    {
        "start": "2",
        "end": "1",
        "all_bandwidth": {
            "461150": 75
        },
        "start_time": 461150,
        "end_time": 491400,
        "bandwidth": null,
        "flow_id": "19fb613c-f3d7-43f8-bd0e-1db14a29334d"
    },
    {
        "start": "2",
        "end": "3",
        "all_bandwidth": {
            "452244": 52
        },
        "start_time": 452244,
        "end_time": 491000,
        "bandwidth": null,
        "flow_id": "67bbf214-a1cf-4cf7-901a-67658dc80a55"
    },
    {
        "start": "2",
        "end": "15",
        "all_bandwidth": {
            "453080": 45
        },
        "start_time": 453080,
        "end_time": 467022,
        "bandwidth": null,
        "flow_id": "0809e69d-4326-4cd2-8d54-a944e3c84abd"
    },
    {
        "start": "2",
        "end": "12",
        "all_bandwidth": {
            "470756": 126
        },
        "start_time": 470756,
        "end_time": 490200,
        "bandwidth": null,
        "flow_id": "af84a785-d321-43ef-aa84-4ad8f9373c93"
    },
    {
        "start": "2",
        "end": "5",
        "all_bandwidth": {
            "463897": 92
        },
        "start_time": 463897,
        "end_time": 493897,
        "bandwidth": null,
        "flow_id": "429ef1a9-d16e-4f26-9a40-12b075b4b04e"
    },
    {
        "start": "12",
        "end": "16",
        "all_bandwidth": {
            "450360": 112
        },
        "start_time": 450360,
        "end_time": 482011,
        "bandwidth": null,
        "flow_id": "579806c9-35ef-4151-9e12-c300f1e98c0e"
    },
    {
        "start": "12",
        "end": "13",
        "all_bandwidth": {
            "477210": 60
        },
        "start_time": 477210,
        "end_time": 493000,
        "bandwidth": null,
        "flow_id": "766486c1-b1a6-45ed-9e06-9d6857c43af0"
    },
    {
        "start": "12",
        "end": "13",
        "all_bandwidth": {
            "472528": 92
        },
        "start_time": 472528,
        "end_time": 489035,
        "bandwidth": null,
        "flow_id": "7ea555a5-1de5-4f4b-b34d-2f46d57a4ea7"
    },
    {
        "start": "12",
        "end": "3",
        "all_bandwidth": {
            "458531": 70
        },
        "start_time": 458531,
        "end_time": 503080,
        "bandwidth": null,
        "flow_id": "34d66a4e-d5da-4186-a174-2f7b2ca6530c"
    },
    {
        "start": "12",
        "end": "6",
        "all_bandwidth": {
            "467656": 13
        },
        "start_time": 467656,
        "end_time": 491000,
        "bandwidth": null,
        "flow_id": "3e446e34-8cd0-4972-bbda-22a6441e6b9a"
    },
    {
        "start": "9",
        "end": "12",
        "all_bandwidth": {
            "459192": 96
        },
        "start_time": 459192,
        "end_time": 481020,
        "bandwidth": null,
        "flow_id": "e4c1494a-d783-4015-acc8-6060846fd4dd"
    },
    {
        "start": "9",
        "end": "12",
        "all_bandwidth": {
            "460264": 229
        },
        "start_time": 460264,
        "end_time": 500000,
        "bandwidth": null,
        "flow_id": "82b62dc5-50f3-4564-af96-a55ad9b80704"
    },
    {
        "start": "9",
        "end": "5",
        "all_bandwidth": {
            "450009": 59
        },
        "start_time": 450009,
        "end_time": 502080,
        "bandwidth": null,
        "flow_id": "6d612a6a-1d5e-4825-bb06-10480db301df"
    },
    {
        "start": "9",
        "end": "5",
        "all_bandwidth": {
            "479076": 226
        },
        "start_time": 479076,
        "end_time": 485090,
        "bandwidth": null,
        "flow_id": "3debb447-b19a-4e13-9335-1b6c950dab1d"
    },
    {
        "start": "9",
        "end": "5",
        "all_bandwidth": {
            "471054": 124
        },
        "start_time": 471054,
        "end_time": 489022,
        "bandwidth": null,
        "flow_id": "f5a4a0c9-876d-4a97-82cf-0b69f583799a"
    }
]
